#
# A fatal error has been detected by the Java Runtime Environment:
#
#  EXCEPTION_ACCESS_VIOLATION (0xc0000005) at pc=0x000000005a4d8f59, pid=10844, tid=5400
#
# JRE version: Java(TM) SE Runtime Environment (8.0_91-b14) (build 1.8.0_91-b14)
# Java VM: Java HotSpot(TM) 64-Bit Server VM (25.91-b14 mixed mode windows-amd64 compressed oops)
# Problematic frame:
# V  [jvm.dll+0x128f59]
#
# Failed to write core dump. Minidumps are not enabled by default on client versions of Windows
#
# If you would like to submit a bug report, please visit:
#   http://bugreport.java.com/bugreport/crash.jsp
#

---------------  T H R E A D  ---------------

Current thread (0x00000000175a6800):  JavaThread "JDWP Transport Listener: dt_socket" daemon [_thread_in_vm, id=5400, stack(0x0000000018d10000,0x0000000018e10000)]

siginfo: ExceptionCode=0xc0000005, reading address 0xffffffffffffffff

Registers:
RAX=0x0000000018e0f401, RBX=0x000000001923ab80, RCX=0x000000001923ab80, RDX=0x000000001923d730
RSP=0x0000000018e0f470, RBP=0x0000000019234220, RSI=0x0000000018e0f588, RDI=0x00000000029c8d10
R8 =0x00000000175a6800, R9 =0x0000000000008000, R10=0x0000000019232f50, R11=0x0000000018e0f6f3
R12=0x0000000000000000, R13=0x00000000175b1508, R14=0x0000000000000000, R15=0x0000000000000000
RIP=0x000000005a4d8f59, EFLAGS=0x0000000000010212

Top of Stack: (sp=0x0000000018e0f470)
0x0000000018e0f470:   00000000175a6800 00000000175a6800
0x0000000018e0f480:   0000000018e0f538 000000005a6df32b
0x0000000018e0f490:   00000000175a6800 000000005a6fbb8d
0x0000000018e0f4a0:   0000000000000000 000000005a2d9155
0x0000000018e0f4b0:   00000000175a2980 000000005a2e291e
0x0000000018e0f4c0:   00000000175a6800 0000000000000000
0x0000000018e0f4d0:   0000000000000000 0000000000000000
0x0000000018e0f4e0:   0000000019234220 000000005a2e1a15
0x0000000018e0f4f0:   0000000018e0f588 0000000018e0f560
0x0000000018e0f500:   0000000000000001 00000000175a2980
0x0000000018e0f510:   0000000019234220 000000005a2c53b3
0x0000000018e0f520:   0000000018e0f650 0000000000000001
0x0000000018e0f530:   0000000000000001 00000000175a2980
0x0000000018e0f540:   0000000000000009 0000000000000000
0x0000000018e0f550:   0000000000000000 0000000000000000
0x0000000018e0f560:   0000000000000001 000000005a2c5571 

Instructions: (pc=0x000000005a4d8f59)
0x000000005a4d8f39:   33 c0 48 83 c4 28 c3 48 89 5c 24 20 48 8b 19 48
0x000000005a4d8f49:   85 db 74 20 48 83 fb 37 74 1a 48 8b 13 48 8b cb
0x000000005a4d8f59:   ff 52 10 84 c0 74 0d 48 8b c3 48 8b 5c 24 20 48
0x000000005a4d8f69:   83 c4 28 c3 33 c0 48 8b 5c 24 20 48 83 c4 28 c3 


Register to memory mapping:

RAX=0x0000000018e0f401 is pointing into the stack for thread: 0x00000000175a6800
RBX=0x000000001923ab80 is an unknown value
RCX=0x000000001923ab80 is an unknown value
RDX=0x000000001923d730 is an unknown value
RSP=0x0000000018e0f470 is pointing into the stack for thread: 0x00000000175a6800
RBP=0x0000000019234220 is an unknown value
RSI=0x0000000018e0f588 is pointing into the stack for thread: 0x00000000175a6800
RDI=0x00000000029c8d10 is an unknown value
R8 =0x00000000175a6800 is a thread
R9 =0x0000000000008000 is an unknown value
R10=0x0000000019232f50 is an unknown value
R11=0x0000000018e0f6f3 is pointing into the stack for thread: 0x00000000175a6800
R12=0x0000000000000000 is an unknown value
R13=0x00000000175b1508 is an unknown value
R14=0x0000000000000000 is an unknown value
R15=0x0000000000000000 is an unknown value


Stack: [0x0000000018d10000,0x0000000018e10000],  sp=0x0000000018e0f470,  free space=1021k
Native frames: (J=compiled Java code, j=interpreted, Vv=VM code, C=native code)
V  [jvm.dll+0x128f59]
V  [jvm.dll+0x34bb8d]
C  [jdwp.dll+0x21a15]
C  [jdwp.dll+0x53b3]
C  [jdwp.dll+0x5571]
C  [jdwp.dll+0xf0a8]
C  [jdwp.dll+0x1f2d5]
C  [jdwp.dll+0x1f4aa]
V  [jvm.dll+0x1bbf38]
V  [jvm.dll+0x243ae4]
V  [jvm.dll+0x29a99a]
C  [msvcr100.dll+0x21d9f]
C  [msvcr100.dll+0x21e3b]
C  [KERNEL32.DLL+0x12774]
C  [ntdll.dll+0x70d61]


---------------  P R O C E S S  ---------------

Java Threads: ( => current thread )
  0x0000000019141000 JavaThread "Service Thread" daemon [_thread_blocked, id=872, stack(0x0000000019710000,0x0000000019810000)]
  0x00000000175fb000 JavaThread "C1 CompilerThread2" daemon [_thread_blocked, id=15816, stack(0x0000000019610000,0x0000000019710000)]
  0x00000000175cf800 JavaThread "C2 CompilerThread1" daemon [_thread_blocked, id=6412, stack(0x0000000019510000,0x0000000019610000)]
  0x00000000175d4000 JavaThread "C2 CompilerThread0" daemon [_thread_blocked, id=14836, stack(0x0000000019010000,0x0000000019110000)]
  0x00000000175ba800 JavaThread "JDWP Command Reader" daemon [_thread_in_native, id=7808, stack(0x0000000018f10000,0x0000000019010000)]
  0x00000000175b4000 JavaThread "JDWP Event Helper Thread" daemon [_thread_blocked, id=8888, stack(0x0000000018e10000,0x0000000018f10000)]
=>0x00000000175a6800 JavaThread "JDWP Transport Listener: dt_socket" daemon [_thread_in_vm, id=5400, stack(0x0000000018d10000,0x0000000018e10000)]
  0x000000001759f800 JavaThread "Attach Listener" daemon [_thread_blocked, id=7316, stack(0x0000000018c10000,0x0000000018d10000)]
  0x000000001759e000 JavaThread "Signal Dispatcher" daemon [_thread_blocked, id=11952, stack(0x0000000018b10000,0x0000000018c10000)]
  0x000000001758e000 JavaThread "Finalizer" daemon [_thread_blocked, id=7396, stack(0x00000000187f0000,0x00000000188f0000)]
  0x0000000002ac3000 JavaThread "Reference Handler" daemon [_thread_blocked, id=9248, stack(0x00000000186f0000,0x00000000187f0000)]
  0x00000000029d2800 JavaThread "main" [_thread_blocked, id=13012, stack(0x0000000002860000,0x0000000002960000)]

Other Threads:
  0x0000000017567000 VMThread [stack: 0x00000000185f0000,0x00000000186f0000] [id=1456]
  0x00000000175fe800 WatcherThread [stack: 0x0000000019810000,0x0000000019910000] [id=15824]

VM state:not at safepoint (normal execution)

VM Mutex/Monitor currently owned by a thread: None

Heap:
 PSYoungGen      total 37888K, used 2621K [0x00000000d6100000, 0x00000000d8b00000, 0x0000000100000000)
  eden space 32768K, 8% used [0x00000000d6100000,0x00000000d638f600,0x00000000d8100000)
  from space 5120K, 0% used [0x00000000d8600000,0x00000000d8600000,0x00000000d8b00000)
  to   space 5120K, 0% used [0x00000000d8100000,0x00000000d8100000,0x00000000d8600000)
 ParOldGen       total 86016K, used 0K [0x0000000082200000, 0x0000000087600000, 0x00000000d6100000)
  object space 86016K, 0% used [0x0000000082200000,0x0000000082200000,0x0000000087600000)
 Metaspace       used 2817K, capacity 4562K, committed 4864K, reserved 1056768K
  class space    used 303K, capacity 386K, committed 512K, reserved 1048576K

Card table byte_map: [0x0000000011e90000,0x0000000012280000] byte_map_base: 0x0000000011a7f000

Marking Bits: (ParMarkBitMap*) 0x000000005abc2f70
 Begin Bits: [0x0000000012920000, 0x0000000014898000)
 End Bits:   [0x0000000014898000, 0x0000000016810000)

Polling page: 0x0000000002820000

CodeCache: size=245760Kb used=1212Kb max_used=1212Kb free=244547Kb
 bounds [0x0000000002ad0000, 0x0000000002d40000, 0x0000000011ad0000]
 total_blobs=305 nmethods=79 adapters=147
 compilation: enabled

Compilation events (10 events):
Event: 0.432 Thread 0x00000000175fb000   75       3       java.io.BufferedWriter::min (9 bytes)
Event: 0.432 Thread 0x00000000175fb000 nmethod 75 0x0000000002bf7050 code [0x0000000002bf71a0, 0x0000000002bf7330]
Event: 0.432 Thread 0x00000000175fb000   79       3       sun.nio.cs.UTF_8$Encoder::encodeArrayLoop (489 bytes)
Event: 0.436 Thread 0x00000000175fb000 nmethod 79 0x0000000002bf7390 code [0x0000000002bf7960, 0x0000000002bfae88]
Event: 0.436 Thread 0x00000000175fb000   76   !   3       java.io.BufferedWriter::flushBuffer (53 bytes)
Event: 0.436 Thread 0x00000000175fb000 nmethod 76 0x0000000002bfd950 code [0x0000000002bfdb00, 0x0000000002bfe0b8]
Event: 0.436 Thread 0x00000000175fb000   77       3       java.io.OutputStreamWriter::write (11 bytes)
Event: 0.436 Thread 0x00000000175fb000 nmethod 77 0x0000000002bfe390 code [0x0000000002bfe500, 0x0000000002bfe6c8]
Event: 0.436 Thread 0x00000000175fb000   78   !   3       sun.nio.cs.StreamEncoder::write (78 bytes)
Event: 0.437 Thread 0x00000000175fb000 nmethod 78 0x0000000002bfe790 code [0x0000000002bfe960, 0x0000000002bff0a8]

GC Heap History (0 events):
No events

Deoptimization events (0 events):
No events

Internal exceptions (2 events):
Event: 0.059 Thread 0x00000000029d2800 Exception <a 'java/lang/NoSuchMethodError': Method sun.misc.Unsafe.defineClass(Ljava/lang/String;[BII)Ljava/lang/Class; name or signature does not match> (0x00000000d6107cc0) thrown at [C:\re\workspace\8-2-build-windows-amd64-cygwin\jdk8u91\6644\hotspot\sr¢
hÈ8®?
Event: 0.059 Thread 0x00000000029d2800 Exception <a 'java/lang/NoSuchMethodError': Method sun.misc.Unsafe.prefetchRead(Ljava/lang/Object;J)V name or signature does not match> (0x00000000d6107fa8) thrown at [C:\re\workspace\8-2-build-windows-amd64-cygwin\jdk8u91\6644\hotspot\src\share\vm\prims\j

Events (10 events):
Event: 16.725 Executing VM operation: ChangeBreakpoints
Event: 16.725 Executing VM operation: ChangeBreakpoints done
Event: 16.727 Executing VM operation: RedefineClasses
Event: 16.728 Executing VM operation: RedefineClasses done
Event: 16.756 Executing VM operation: ChangeBreakpoints
Event: 16.756 Executing VM operation: ChangeBreakpoints done
Event: 157.346 Executing VM operation: ChangeBreakpoints
Event: 157.346 Executing VM operation: ChangeBreakpoints done
Event: 157.350 Executing VM operation: RedefineClasses
Event: 157.351 Executing VM operation: RedefineClasses done


Dynamic libraries:
0x00007ff6f20a0000 - 0x00007ff6f20d7000 	C:\Program Files\Java\jdk1.8.0_91\bin\java.exe
0x00007ff9806c0000 - 0x00007ff98089b000 	C:\WINDOWS\SYSTEM32\ntdll.dll
0x00007ff97e060000 - 0x00007ff97e10e000 	C:\WINDOWS\System32\KERNEL32.DLL
0x00007ff97cfc0000 - 0x00007ff97d209000 	C:\WINDOWS\System32\KERNELBASE.dll
0x00007ff980010000 - 0x00007ff9800b1000 	C:\WINDOWS\System32\ADVAPI32.dll
0x00007ff980610000 - 0x00007ff9806ad000 	C:\WINDOWS\System32\msvcrt.dll
0x00007ff97df90000 - 0x00007ff97dfe9000 	C:\WINDOWS\System32\sechost.dll
0x00007ff97faa0000 - 0x00007ff97fbc5000 	C:\WINDOWS\System32\RPCRT4.dll
0x00007ff97dcf0000 - 0x00007ff97de3a000 	C:\WINDOWS\System32\USER32.dll
0x00007ff97d210000 - 0x00007ff97d22e000 	C:\WINDOWS\System32\win32u.dll
0x00007ff97e520000 - 0x00007ff97e547000 	C:\WINDOWS\System32\GDI32.dll
0x00007ff97cc80000 - 0x00007ff97ce09000 	C:\WINDOWS\System32\gdi32full.dll
0x00007ff97cbe0000 - 0x00007ff97cc7a000 	C:\WINDOWS\System32\msvcp_win.dll
0x00007ff97ce10000 - 0x00007ff97cf06000 	C:\WINDOWS\System32\ucrtbase.dll
0x00007ff971440000 - 0x00007ff9716a7000 	C:\WINDOWS\WinSxS\amd64_microsoft.windows.common-controls_6595b64144ccf1df_6.0.15063.0_none_108e4f62dfe5d999\COMCTL32.dll
0x00007ff980310000 - 0x00007ff980609000 	C:\WINDOWS\System32\combase.dll
0x00007ff97dbb0000 - 0x00007ff97dc1a000 	C:\WINDOWS\System32\bcryptPrimitives.dll
0x00007ff97e110000 - 0x00007ff97e13d000 	C:\WINDOWS\System32\IMM32.DLL
0x000000005ac50000 - 0x000000005ad22000 	C:\Program Files\Java\jdk1.8.0_91\jre\bin\msvcr100.dll
0x000000005a3b0000 - 0x000000005ac43000 	C:\Program Files\Java\jdk1.8.0_91\jre\bin\server\jvm.dll
0x00007ff97e140000 - 0x00007ff97e148000 	C:\WINDOWS\System32\PSAPI.DLL
0x00007ff970d60000 - 0x00007ff970d69000 	C:\WINDOWS\SYSTEM32\WSOCK32.dll
0x00007ff97e150000 - 0x00007ff97e1bc000 	C:\WINDOWS\System32\WS2_32.dll
0x00007ff9716e0000 - 0x00007ff971703000 	C:\WINDOWS\SYSTEM32\WINMM.dll
0x00007ff971d20000 - 0x00007ff971d2a000 	C:\WINDOWS\SYSTEM32\VERSION.dll
0x00007ff9716b0000 - 0x00007ff9716db000 	C:\WINDOWS\SYSTEM32\winmmbase.dll
0x00007ff97d230000 - 0x00007ff97d279000 	C:\WINDOWS\System32\cfgmgr32.dll
0x000000005a3a0000 - 0x000000005a3af000 	C:\Program Files\Java\jdk1.8.0_91\jre\bin\verify.dll
0x000000005a370000 - 0x000000005a399000 	C:\Program Files\Java\jdk1.8.0_91\jre\bin\java.dll
0x000000005a2c0000 - 0x000000005a2f5000 	C:\Program Files\Java\jdk1.8.0_91\jre\bin\jdwp.dll
0x000000005a2b0000 - 0x000000005a2b8000 	C:\Program Files\Java\jdk1.8.0_91\jre\bin\npt.dll
0x000000005a350000 - 0x000000005a366000 	C:\Program Files\Java\jdk1.8.0_91\jre\bin\zip.dll
0x00007ff97e660000 - 0x00007ff97fa97000 	C:\WINDOWS\System32\SHELL32.dll
0x00007ff97dc40000 - 0x00007ff97dcea000 	C:\WINDOWS\System32\shcore.dll
0x00007ff97d2e0000 - 0x00007ff97d9d2000 	C:\WINDOWS\System32\windows.storage.dll
0x00007ff97e280000 - 0x00007ff97e2d1000 	C:\WINDOWS\System32\shlwapi.dll
0x00007ff97cb30000 - 0x00007ff97cb41000 	C:\WINDOWS\System32\kernel.appcore.dll
0x00007ff97cb70000 - 0x00007ff97cbbc000 	C:\WINDOWS\System32\powrprof.dll
0x00007ff97cb50000 - 0x00007ff97cb65000 	C:\WINDOWS\System32\profapi.dll
0x000000005a2a0000 - 0x000000005a2a9000 	C:\Program Files\Java\jdk1.8.0_91\jre\bin\dt_socket.dll
0x00007ff97c440000 - 0x00007ff97c49c000 	C:\WINDOWS\system32\mswsock.dll
0x00007ff977960000 - 0x00007ff977b09000 	C:\WINDOWS\SYSTEM32\dbghelp.dll

VM Arguments:
jvm_args: -agentlib:jdwp=transport=dt_socket,address=127.0.0.1:62399,suspend=y,server=n -Dfile.encoding=UTF-8 
java_command: RainbowTable
java_class_path (initial): C:\Program Files\Java\jdk1.8.0_91\jre\lib\charsets.jar;C:\Program Files\Java\jdk1.8.0_91\jre\lib\deploy.jar;C:\Program Files\Java\jdk1.8.0_91\jre\lib\ext\access-bridge-64.jar;C:\Program Files\Java\jdk1.8.0_91\jre\lib\ext\cldrdata.jar;C:\Program Files\Java\jdk1.8.0_91\jre\lib\ext\dnsns.jar;C:\Program Files\Java\jdk1.8.0_91\jre\lib\ext\jaccess.jar;C:\Program Files\Java\jdk1.8.0_91\jre\lib\ext\jfxrt.jar;C:\Program Files\Java\jdk1.8.0_91\jre\lib\ext\localedata.jar;C:\Program Files\Java\jdk1.8.0_91\jre\lib\ext\nashorn.jar;C:\Program Files\Java\jdk1.8.0_91\jre\lib\ext\sunec.jar;C:\Program Files\Java\jdk1.8.0_91\jre\lib\ext\sunjce_provider.jar;C:\Program Files\Java\jdk1.8.0_91\jre\lib\ext\sunmscapi.jar;C:\Program Files\Java\jdk1.8.0_91\jre\lib\ext\sunpkcs11.jar;C:\Program Files\Java\jdk1.8.0_91\jre\lib\ext\zipfs.jar;C:\Program Files\Java\jdk1.8.0_91\jre\lib\javaws.jar;C:\Program Files\Java\jdk1.8.0_91\jre\lib\jce.jar;C:\Program Files\Java\jdk1.8.0_91\jre\lib\jfr.jar;C:\Program Files\Java\jdk1.8.0_91\jre\lib\jfxswt.jar;C:\Program Files\Java\jdk1.8.0_91\jre\lib\jsse.jar;C:\Program Files\Java\jdk1.8.0_91\jre\lib\management-agent.jar;C:\Program Files\Java\jdk1.8.0_91\jre\lib\plugin.jar;C:\Program Files\Java\jdk1.8.0_91\jre\lib\resources.jar;C:\Program Files\Java\jdk1.8.0_91\jre\lib\rt.jar;C:\Users\dimitri\code\krysi\RainbowTable\out\production\RainbowTable;C:\Program Files (x86)\JetBrains\IntelliJ IDEA Community Edition 2016.1.1\lib\idea_rt.jar
Launcher Type: SUN_STANDARD

Environment Variables:
JAVA_HOME=C:\Program Files\Java\jdk1.8.0_91
CLASSPATH=C:\Program Files\Microsoft SQL Server JDBC Driver\sqljdbc_4.2\enu\sqljdbc4.jar
PATH=C:\ProgramData\Oracle\Java\javapath;C:\WINDOWS\system32;C:\WINDOWS;C:\WINDOWS\System32\Wbem;C:\WINDOWS\System32\WindowsPowerShell\v1.0\;C:\Program Files\Microsoft SQL Server\130\Tools\Binn\;C:\Program Files\Git\cmd;C:\Program Files\Microsoft SQL Server\120\Tools\Binn\;C:\Program Files (x86)\Skype\Phone\;C:\Program Files\Java\jdk1.8.0_91\bin;C:\Program Files\gradle-2.12\bin;C:\Program Files (x86)\GtkSharp\2.12\bin;C:\WINDOWS\system32\config\systemprofile\.dnx\bin;C:\Program Files\Microsoft DNX\Dnvm\;C:\Program Files (x86)\Windows Kits\10\Windows Performance Toolkit\;C:\Program Files (x86)\Microsoft Emulator Manager\1.0\;C:\Program Files\apache-maven-3.3.9\bin;C:\Program Files\TTNC:\ProgramData\ComposerSetup\binC:\ProgramData\ComposerSetup\binC:\Program Files\composer;C:\Program Files\composer\wpcs\vendor\bin;C:\Program Files\nodejs\;C:\Ruby2364\bin;C:\Users\dimitri\AppData\Local\Microsoft\WindowsApps;C:\Users\dimitri\AppData\Local\Android\sdk\platform-tools;C:\Users\dimitri\AppData\Roaming\Composer\vendor\bin;C:\Program Files\composer;C:\Users\dimitri\AppData\Roaming\npm
USERNAME=dimitri
OS=Windows_NT
PROCESSOR_IDENTIFIER=Intel64 Family 6 Model 58 Stepping 9, GenuineIntel



---------------  S Y S T E M  ---------------

OS: Windows 10.0 , 64 bit Build 15063 (10.0.15063.296)

CPU:total 4 (2 cores per cpu, 2 threads per core) family 6 model 58 stepping 9, cmov, cx8, fxsr, mmx, sse, sse2, sse3, ssse3, sse4.1, sse4.2, popcnt, avx, aes, clmul, erms, ht, tsc, tscinvbit, tscinv

Memory: 4k page, physical 8248808k(3507440k free), swap 11132392k(3818392k free)

vm_info: Java HotSpot(TM) 64-Bit Server VM (25.91-b14) for windows-amd64 JRE (1.8.0_91-b14), built on Apr  1 2016 00:58:32 by "java_re" with MS VC++ 10.0 (VS2010)

time: Tue May 16 19:38:14 2017
elapsed time: 157 seconds (0d 0h 2m 37s)

